<?xml version="1.0" encoding="UTF-8"?>
<!-- Generated by org.testng.reporters.JUnitXMLReporter -->
<testsuite hostname="NODE1092" name="Default test" tests="4" failures="0" timestamp="18 Oct 2018 13:37:40 GMT" time="0.028" errors="0">
  <testcase name="first" time="0.012" classname="com.pages.TestTesng"/>
  <testcase name="second" time="0.001" classname="com.pages.TestTesng"/>
  <testcase name="third" time="0.001" classname="com.pages.TestTesng"/>
  <testcase name="fourth" time="0.001" classname="com.pages.TestTesng"/>
</testsuite> <!-- Default test -->
