<?xml version="1.0" encoding="UTF-8"?>
<!-- Generated by org.testng.reporters.JUnitXMLReporter -->
<testsuite hostname="NODE1092" name="Test" tests="4" failures="0" timestamp="19 Oct 2018 09:38:09 GMT" time="0.032" errors="0">
  <testcase name="first" time="0.0" classname="com.pages.TestTesng1"/>
  <testcase name="second" time="0.0" classname="com.pages.TestTesng1"/>
  <testcase name="third" time="0.0" classname="com.pages.TestTesng1"/>
  <testcase name="fourth" time="0.016" classname="com.pages.TestTesng1"/>
</testsuite> <!-- Test -->
