<?xml version="1.0" encoding="UTF-8"?>
<testng-results skipped="0" failed="0" total="1" passed="1">
  <reporter-output>
  </reporter-output>
  <suite name="Suite" duration-ms="33976" started-at="2018-10-24T18:19:32Z" finished-at="2018-10-24T18:20:06Z">
    <groups>
    </groups>
    <test name="Test" duration-ms="33976" started-at="2018-10-24T18:19:32Z" finished-at="2018-10-24T18:20:06Z">
      <class name="com.workflows.CustomerPreference">
        <test-method status="PASS" signature="setBorwser()[pri:0, instance:com.workflows.CustomerPreference@4678c730]" name="setBorwser" is-config="true" duration-ms="12730" started-at="2018-10-24T23:49:32Z" finished-at="2018-10-24T23:49:45Z">
          <reporter-output>
          </reporter-output>
        </test-method> <!-- setBorwser -->
        <test-method status="PASS" signature="startCustomerPreference()[pri:0, instance:com.workflows.CustomerPreference@4678c730]" name="startCustomerPreference" duration-ms="21222" started-at="2018-10-24T23:49:45Z" finished-at="2018-10-24T23:50:06Z">
          <reporter-output>
          </reporter-output>
        </test-method> <!-- startCustomerPreference -->
        <test-method status="PASS" signature="tearDown()[pri:0, instance:com.workflows.CustomerPreference@4678c730]" name="tearDown" is-config="true" duration-ms="1" started-at="2018-10-24T23:50:06Z" finished-at="2018-10-24T23:50:06Z">
          <reporter-output>
          </reporter-output>
        </test-method> <!-- tearDown -->
      </class> <!-- com.workflows.CustomerPreference -->
    </test> <!-- Test -->
  </suite> <!-- Suite -->
</testng-results>
